============================================================
 Workflow Log
 Task ID: fix-menubar-3issues
 Started: 2026-06-23 08:54:56 CST
 Host:    idodeMacBook-Pro.local
 PID:     24192
============================================================

[2026-06-23 08:54:56.3N] [INFO] [PHASE] ======== 阶段开始: INIT ========
[2026-06-23 08:54:56.3N] [DEBUG] [INIT] Git 仓库检查通过
[2026-06-23 08:54:56.3N] [DEBUG] [INIT] Artifacts 目录: .workflow/artifacts/fix-menubar-3issues
[2026-06-23 08:54:56.3N] [INFO] [PHASE] ======== 阶段开始: DETECT_CHANGES ========
[2026-06-23 08:54:56.3N] [INFO] [DETECT_CHANGES] 使用 unstaged files
[2026-06-23 08:54:56.3N] [DEBUG] [DETECT_CHANGES] 变更来源: git diff
[2026-06-23 08:54:56.3N] [INFO] [DETECT_CHANGES] 变更文件列表:
[2026-06-23 08:54:56.3N] [DEBUG] [DETECT_CHANGES]   - src/components/MenuBar.test.tsx
[2026-06-23 08:54:56.3N] [DEBUG] [DETECT_CHANGES]   - src/components/MenuBar.tsx
[2026-06-23 08:54:56.3N] [INFO] [DETECT_CHANGES] 代码变更文件:
[2026-06-23 08:54:56.3N] [DEBUG] [DETECT_CHANGES]   - src/components/MenuBar.test.tsx
[2026-06-23 08:54:56.3N] [DEBUG] [DETECT_CHANGES]   - src/components/MenuBar.tsx
[2026-06-23 08:54:56.3N] [INFO] [PHASE] ======== 阶段开始: INFER_GATE ========
[2026-06-23 08:54:56.3N] [INFO] [DECISION] 决策: test_level=1 — 原因: 推断原因: 默认
[2026-06-23 08:54:56.3N] [INFO] [DECISION] 决策: required_agents=["dev-agent"] — 原因: 基于 test_level=1
[2026-06-23 08:54:57.3N] [INFO] [PHASE] ======== 阶段开始: WRITE_OUTPUT ========
[2026-06-23 08:54:57.3N] [INFO] [ARTIFACT] -> 写入 .workflow/artifacts/fix-menubar-3issues/dev-output.json task_id=fix-menubar-3issues
[2026-06-23 08:54:57.3N] [INFO] [WRITE_OUTPUT] task_id: fix-menubar-3issues
[2026-06-23 08:54:57.3N] [INFO] [WRITE_OUTPUT] changed_files: 2 个文件
[2026-06-23 08:54:57.3N] [INFO] [WRITE_OUTPUT] code_changed_files: 2 个文件
[2026-06-23 08:54:57.3N] [INFO] [WRITE_OUTPUT] test_level: 1
[2026-06-23 08:54:57.3N] [INFO] [WRITE_OUTPUT] required_agents: ["dev-agent"]
[2026-06-23 08:54:57.3N] [INFO] [DONE] ============================================================
[2026-06-23 08:54:57.3N] [INFO] [DONE]  Workflow 结束
[2026-06-23 08:54:57.3N] [INFO] [DONE]  Status:   done
[2026-06-23 08:54:57.3N] [INFO] [DONE]  Duration: 1s
[2026-06-23 08:54:57.3N] [INFO] [DONE]  Finished: 2026-06-23 08:54:57 CST
[2026-06-23 08:54:57.3N] [INFO] [DONE] ============================================================
