============================================================
 Workflow Runner Log
 Task ID: feat-appstate-refactor
 Started: 2026-06-21 22:36:41 CST
============================================================

[2026-06-21 22:36:47.3N] [INFO] [VALIDATE] 读取 dev-output.json
{
  "task_id": "feat-appstate-refactor",
  "timestamp": "2026-06-21T14:33:37Z",
  "changed_files": [
    "src-tauri/src/commands/events.rs",
    "src-tauri/src/commands/collectors.rs",
    "src-tauri/src/commands/tasks.rs",
    "src-tauri/src/commands/scheduler.rs",
    "src-tauri/src/commands/audit.rs",
    "src-tauri/src/commands/mod.rs",
    "src-tauri/src/main.rs",
    "crates/wb-processor/src/pipeline.rs",
    "crates/wb-ai/src/task_runner.rs",
    "src-tauri/src/commands/settings.rs"
  ],
  "code_changed_files": [
    "src-tauri/src/commands/events.rs",
    "src-tauri/src/commands/collectors.rs",
    "src-tauri/src/commands/tasks.rs",
    "src-tauri/src/commands/scheduler.rs",
    "src-tauri/src/commands/audit.rs",
    "src-tauri/src/commands/mod.rs",
    "src-tauri/src/main.rs",
    "crates/wb-processor/src/pipeline.rs",
    "crates/wb-ai/src/task_runner.rs",
    "src-tauri/src/commands/settings.rs"
  ],
  "test_level": 2,
  "summary": "AppState 引入 + 管道解耦 + 配置统一",
  "required_agents": ["dev-agent", "test-agent", "review-agent", "product-reviewer"],
  "gate_config": {
    "max_retries": 2,
    "timeout_seconds": 600,
    "fail_fast": false
  },
  "task_description": {
    "title": "AppState 引入 + 管道解耦 + 配置统一",
    "context": "Work Better 是 Tauri 桌面应用。当前 Tauri 命令层使用 5 个 OnceLock 全局静态管理依赖，导致命令函数无法隔离测试。ADR-001 确认这是测试有效性差距的结构性根因。",
    "decisions": [
      {"id": "D1", "topic": "AppState 形状", "decision": "单一 AppState 结构体持有所有依赖，通过 Tauri manage() 注入"},
      {"id": "D2", "topic": "初始化生命周期", "decision": "删除所有 OnceLock，在 Tauri setup 阶段一次性构建 AppState"},
      {"id": "D3", "topic": "TaskRunner 构建位置", "decision": "build_task_runner_from_config() 移到 wb-ai 作为 TaskRunner::from_config()"},
      {"id": "D4", "topic": "测试策略", "decision": "EventLog 和 AuditLog 用 trait object，其他依赖用具体类型"},
      {"id": "D5", "topic": "ProcessingPipeline 解耦", "decision": "PersistStep 从 ProcessingPipeline 分离，process() 只返回结果不持久化"},
      {"id": "D6", "topic": "配置类型统一", "decision": "删除 settings.rs 的 ModelConfig DTO，前端直接使用 wb-storage::config::ModelConfig"}
    ],
    "acceptance_criteria": [
      "所有 OnceLock 静态变量已删除",
      "所有命令函数通过 State<AppState> 接收依赖",
      "ProcessingPipeline::process() 不再持有 PersistStep",
      "events.rs 中无重复的处理管道逻辑",
      "settings.rs 中无 ModelConfig DTO",
      "现有测试全部通过"
    ]
  }
}

[2026-06-21 22:36:55.3N] [INFO] [PHASE] 从 DEV 阶段切换到 PARALLEL_REVIEW 阶段
[2026-06-21 22:37:12.3N] [INFO] [AGENT] >>> 调用 test-agent
[2026-06-21 22:37:12.3N] [INFO] [AGENT] 输入: dev-output.json
[2026-06-21 22:37:12.3N] [INFO] [AGENT] 期望输出: test-report.json
[2026-06-21 22:44:26.3N] [INFO] [AGENT] <<< test-agent 完成
[2026-06-21 22:44:26.3N] [INFO] [AGENT] 输出文件存在: yes
[2026-06-21 22:44:26.3N] [INFO] [AGENT] result: fail
[2026-06-21 22:44:36.3N] [INFO] [AGENT] <<< review-agent 完成
[2026-06-21 22:44:36.3N] [INFO] [AGENT] 输出文件存在: yes
[2026-06-21 22:44:36.3N] [INFO] [AGENT] verdict: fail
[2026-06-21 22:45:00.3N] [INFO] [AGENT] <<< product-reviewer 完成
[2026-06-21 22:45:00.3N] [INFO] [AGENT] 输出文件存在: yes
[2026-06-21 22:45:00.3N] [INFO] [AGENT] verdict: not_done
[2026-06-21 22:45:13.3N] [INFO] [DECISION] 所有 agent 结果一致：代码未变更，任务未执行
[2026-06-21 22:45:13.3N] [INFO] [DECISION] test-agent: fail, review-agent: fail, product-reviewer: not_done
[2026-06-21 22:45:13.3N] [INFO] [DECISION] 决定：生成 blocked 状态的 final-report.json
[2026-06-21 22:45:36.3N] [INFO] [FINAL_REPORT] 生成 final-report.json
[2026-06-21 22:45:36.3N] [INFO] [FINAL_REPORT] status: blocked
[2026-06-21 22:45:36.3N] [INFO] [FINAL_REPORT] escalation_reason: dev-agent 未执行代码变更

============================================================
 Workflow 完成
 结果: BLOCKED
 耗时: 480 秒
============================================================
