============================================================
 Workflow Log
 Task ID: feat-26-progressive-empty-state
 Started: 2026-06-21 16:20:06 CST
 Host:    idodeMacBook-Pro.local
 PID:     59527
============================================================

[2026-06-21 16:20:06.3N] [INFO] [PHASE] ======== 阶段开始: INIT ========
[2026-06-21 16:20:06.3N] [DEBUG] [INIT] Git 仓库检查通过
[2026-06-21 16:20:06.3N] [DEBUG] [INIT] Artifacts 目录: .workflow/artifacts/feat-26-progressive-empty-state
[2026-06-21 16:20:06.3N] [INFO] [PHASE] ======== 阶段开始: DETECT_CHANGES ========
[2026-06-21 16:20:06.3N] [INFO] [DETECT_CHANGES] 使用 unstaged files
[2026-06-21 16:20:06.3N] [DEBUG] [DETECT_CHANGES] 变更来源: git diff
[2026-06-21 16:20:06.3N] [INFO] [DETECT_CHANGES] 变更文件列表:
[2026-06-21 16:20:06.3N] [DEBUG] [DETECT_CHANGES]   - docs/design/_index.md
[2026-06-21 16:20:06.3N] [DEBUG] [DETECT_CHANGES]   - src/App.tsx
[2026-06-21 16:20:06.3N] [INFO] [DETECT_CHANGES] 代码变更文件:
[2026-06-21 16:20:06.3N] [DEBUG] [DETECT_CHANGES]   - src/App.tsx
[2026-06-21 16:20:06.3N] [INFO] [PHASE] ======== 阶段开始: INFER_GATE ========
[2026-06-21 16:20:06.3N] [INFO] [DECISION] 决策: test_level=1 — 原因: 推断原因: 默认
[2026-06-21 16:20:06.3N] [INFO] [DECISION] 决策: required_agents=["dev-agent"] — 原因: 基于 test_level=1
[2026-06-21 16:20:06.3N] [INFO] [PHASE] ======== 阶段开始: WRITE_OUTPUT ========
[2026-06-21 16:20:06.3N] [INFO] [ARTIFACT] -> 写入 .workflow/artifacts/feat-26-progressive-empty-state/dev-output.json task_id=feat-26-progressive-empty-state
[2026-06-21 16:20:06.3N] [INFO] [WRITE_OUTPUT] task_id: feat-26-progressive-empty-state
[2026-06-21 16:20:06.3N] [INFO] [WRITE_OUTPUT] changed_files: 2 个文件
[2026-06-21 16:20:06.3N] [INFO] [WRITE_OUTPUT] code_changed_files: 1 个文件
[2026-06-21 16:20:06.3N] [INFO] [WRITE_OUTPUT] test_level: 1
[2026-06-21 16:20:06.3N] [INFO] [WRITE_OUTPUT] required_agents: ["dev-agent"]
[2026-06-21 16:20:06.3N] [INFO] [DONE] ============================================================
[2026-06-21 16:20:06.3N] [INFO] [DONE]  Workflow 结束
[2026-06-21 16:20:06.3N] [INFO] [DONE]  Status:   done
[2026-06-21 16:20:06.3N] [INFO] [DONE]  Duration: 0s
[2026-06-21 16:20:06.3N] [INFO] [DONE]  Finished: 2026-06-21 16:20:06 CST
[2026-06-21 16:20:06.3N] [INFO] [DONE] ============================================================
